<?xml version="1.0" encoding="UTF-8"?>
<!-- Generated by org.testng.reporters.JUnitXMLReporter -->
<testsuite hostname="Freds-MacBook-Pro.local" name="Command line test" tests="6" failures="0" timestamp="6 Mar 2015 16:54:57 GMT" time="6.926" errors="0">
  <testcase name="sendMail" time="0.067" classname="eip.camel.ActiveMqEnricherRoutingTest"/>
  <testcase name="sendSms" time="0.008" classname="eip.camel.ActiveMqEnricherRoutingTest"/>
  <testcase name="check" time="0.89" classname="eip.camel.DeliveryNoteCsvImportTest"/>
  <testcase name="getStockItem" time="0.002" classname="eip.camel.LooseCoupledStockTest"/>
  <testcase name="check" time="1.003" classname="eip.camel.OrderCsvImportTest"/>
  <testcase name="testWebserviceCall" time="0.258" classname="eip.camel.WebServiceTest"/>
</testsuite> <!-- Command line test -->
