<?xml version="1.0" encoding="UTF-8"?>
<!-- Generated by org.testng.reporters.JUnitXMLReporter -->
<testsuite hostname="Freds-MacBook-Pro.local" name="Command line test" tests="6" failures="0" timestamp="6 Mar 2015 16:53:14 GMT" time="4.068" errors="0">
  <testcase name="sendMail" time="0.055" classname="eip.spring.integration.ActiveMqEnricherRoutingTest"/>
  <testcase name="sendSms" time="0.003" classname="eip.spring.integration.ActiveMqEnricherRoutingTest"/>
  <testcase name="check" time="1.002" classname="eip.spring.integration.DeliveryNoteCsvImportTest"/>
  <testcase name="getStockItem" time="0.009" classname="eip.spring.integration.LooseCoupledStockTest"/>
  <testcase name="check" time="0.997" classname="eip.spring.integration.OrderCsvImportTest"/>
  <testcase name="read" time="0.001" classname="eip.spring.integration.OrderFlatFileItemReaderDelegateTest"/>
</testsuite> <!-- Command line test -->
