<?xml version="1.0" encoding="UTF-8"?>
<!-- Generated by org.testng.reporters.JUnitXMLReporter -->
<testsuite hostname="Freds-MacBook-Pro.local" name="Command line test" tests="9" failures="0" timestamp="6 Mar 2015 16:52:36 GMT" time="2.698" errors="0">
  <testcase name="testBacklogScheduler" time="2.005" classname="eip.common.services.BacklogServiceSchedulerTest"/>
  <testcase name="getBacklogItems" time="0.017" classname="eip.common.services.BacklogServiceTest"/>
  <testcase name="saveBacklogItems" time="0.01" classname="eip.common.services.BacklogServiceTest"/>
  <testcase name="handleOrder" time="0.003" classname="eip.common.services.OrderServiceTest"/>
  <testcase name="handleOrderUnknownItem" time="0.0" classname="eip.common.services.OrderServiceTest"/>
  <testcase name="addOneItem" time="0.001" classname="eip.common.services.StockServiceTest"/>
  <testcase name="checkoutStockItem" time="0.002" classname="eip.common.services.StockServiceTest"/>
  <testcase name="getItemsOnStock" time="0.001" classname="eip.common.services.StockServiceTest"/>
  <testcase name="getStockItem" time="0.001" classname="eip.common.services.StockServiceTest"/>
</testsuite> <!-- Command line test -->
