<?xml version="1.0" encoding="UTF-8"?>
<testng-results skipped="0" failed="0" total="1" passed="1">
  <reporter-output>
  </reporter-output>
  <suite name="parts.eip.PartsOrderServiceTest" duration-ms="577" started-at="2015-03-06T16:57:03Z" finished-at="2015-03-06T16:57:04Z">
    <groups>
    </groups>
    <test name="Command line test" duration-ms="577" started-at="2015-03-06T16:57:03Z" finished-at="2015-03-06T16:57:04Z">
      <class name="parts.eip.PartsOrderServiceTest">
        <test-method status="PASS" signature="springTestContextBeforeTestClass()[pri:0, instance:parts.eip.PartsOrderServiceTest@3f9e9cbc]" name="springTestContextBeforeTestClass" is-config="true" duration-ms="7" started-at="2015-03-06T09:57:03Z" finished-at="2015-03-06T09:57:03Z">
          <reporter-output>
          </reporter-output>
        </test-method> <!-- springTestContextBeforeTestClass -->
        <test-method status="PASS" signature="springTestContextPrepareTestInstance()[pri:0, instance:parts.eip.PartsOrderServiceTest@3f9e9cbc]" name="springTestContextPrepareTestInstance" is-config="true" duration-ms="476" started-at="2015-03-06T09:57:03Z" depends-on-methods="org.springframework.test.context.testng.AbstractTestNGSpringContextTests.springTestContextBeforeTestClass" finished-at="2015-03-06T09:57:04Z">
          <reporter-output>
          </reporter-output>
        </test-method> <!-- springTestContextPrepareTestInstance -->
        <test-method status="PASS" signature="springTestContextBeforeTestMethod(java.lang.reflect.Method)[pri:0, instance:parts.eip.PartsOrderServiceTest@3f9e9cbc]" name="springTestContextBeforeTestMethod" is-config="true" duration-ms="1" started-at="2015-03-06T09:57:04Z" finished-at="2015-03-06T09:57:04Z">
          <params>
            <param index="0">
              <value>
                <![CDATA[public void parts.eip.PartsOrderServiceTest.testWebserviceCall() throws java.lang.Exception]]>
              </value>
            </param>
          </params>
          <reporter-output>
          </reporter-output>
        </test-method> <!-- springTestContextBeforeTestMethod -->
        <test-method status="PASS" signature="createServer()[pri:0, instance:parts.eip.PartsOrderServiceTest@3f9e9cbc]" name="createServer" is-config="true" duration-ms="1" started-at="2015-03-06T09:57:04Z" finished-at="2015-03-06T09:57:04Z">
          <reporter-output>
          </reporter-output>
        </test-method> <!-- createServer -->
        <test-method status="PASS" signature="testWebserviceCall()[pri:0, instance:parts.eip.PartsOrderServiceTest@3f9e9cbc]" name="testWebserviceCall" duration-ms="81" started-at="2015-03-06T09:57:04Z" finished-at="2015-03-06T09:57:04Z">
          <reporter-output>
          </reporter-output>
        </test-method> <!-- testWebserviceCall -->
        <test-method status="PASS" signature="springTestContextAfterTestMethod(java.lang.reflect.Method)[pri:0, instance:parts.eip.PartsOrderServiceTest@3f9e9cbc]" name="springTestContextAfterTestMethod" is-config="true" duration-ms="2" started-at="2015-03-06T09:57:04Z" finished-at="2015-03-06T09:57:04Z">
          <params>
            <param index="0">
              <value>
                <![CDATA[public void parts.eip.PartsOrderServiceTest.testWebserviceCall() throws java.lang.Exception]]>
              </value>
            </param>
          </params>
          <reporter-output>
          </reporter-output>
        </test-method> <!-- springTestContextAfterTestMethod -->
        <test-method status="PASS" signature="springTestContextAfterTestClass()[pri:0, instance:parts.eip.PartsOrderServiceTest@3f9e9cbc]" name="springTestContextAfterTestClass" is-config="true" duration-ms="0" started-at="2015-03-06T09:57:04Z" finished-at="2015-03-06T09:57:04Z">
          <reporter-output>
          </reporter-output>
        </test-method> <!-- springTestContextAfterTestClass -->
      </class> <!-- parts.eip.PartsOrderServiceTest -->
    </test> <!-- Command line test -->
  </suite> <!-- parts.eip.PartsOrderServiceTest -->
</testng-results>
