<?xml version="1.0" encoding="UTF-8"?>
<testng-results skipped="0" failed="0" total="2" passed="2">
  <reporter-output>
  </reporter-output>
  <suite name="Command line suite" duration-ms="5808" started-at="2015-03-06T16:57:05Z" finished-at="2015-03-06T16:57:11Z">
    <groups>
    </groups>
    <test name="Command line test" duration-ms="5808" started-at="2015-03-06T16:57:05Z" finished-at="2015-03-06T16:57:11Z">
      <class name="eip.camel.ws.BacklogServiceSchedulerTest">
        <test-method status="PASS" signature="springTestContextBeforeTestClass()[pri:0, instance:eip.camel.ws.BacklogServiceSchedulerTest@1e976932]" name="springTestContextBeforeTestClass" is-config="true" duration-ms="7" started-at="2015-03-06T09:57:05Z" finished-at="2015-03-06T09:57:05Z">
          <reporter-output>
          </reporter-output>
        </test-method> <!-- springTestContextBeforeTestClass -->
        <test-method status="PASS" signature="springTestContextPrepareTestInstance()[pri:0, instance:eip.camel.ws.BacklogServiceSchedulerTest@1e976932]" name="springTestContextPrepareTestInstance" is-config="true" duration-ms="2309" started-at="2015-03-06T09:57:05Z" depends-on-methods="org.springframework.test.context.testng.AbstractTestNGSpringContextTests.springTestContextBeforeTestClass" finished-at="2015-03-06T09:57:07Z">
          <reporter-output>
          </reporter-output>
        </test-method> <!-- springTestContextPrepareTestInstance -->
        <test-method status="PASS" signature="springTestContextBeforeTestMethod(java.lang.reflect.Method)[pri:0, instance:eip.camel.ws.BacklogServiceSchedulerTest@1e976932]" name="springTestContextBeforeTestMethod" is-config="true" duration-ms="1" started-at="2015-03-06T09:57:07Z" finished-at="2015-03-06T09:57:07Z">
          <params>
            <param index="0">
              <value>
                <![CDATA[public void eip.camel.ws.BacklogServiceSchedulerTest.testBacklogScheduler() throws java.lang.Exception]]>
              </value>
            </param>
          </params>
          <reporter-output>
          </reporter-output>
        </test-method> <!-- springTestContextBeforeTestMethod -->
        <test-method status="PASS" signature="testBacklogScheduler()[pri:0, instance:eip.camel.ws.BacklogServiceSchedulerTest@1e976932]" name="testBacklogScheduler" duration-ms="3007" started-at="2015-03-06T09:57:07Z" finished-at="2015-03-06T09:57:10Z">
          <reporter-output>
          </reporter-output>
        </test-method> <!-- testBacklogScheduler -->
        <test-method status="PASS" signature="springTestContextAfterTestMethod(java.lang.reflect.Method)[pri:0, instance:eip.camel.ws.BacklogServiceSchedulerTest@1e976932]" name="springTestContextAfterTestMethod" is-config="true" duration-ms="2" started-at="2015-03-06T09:57:10Z" finished-at="2015-03-06T09:57:10Z">
          <params>
            <param index="0">
              <value>
                <![CDATA[public void eip.camel.ws.BacklogServiceSchedulerTest.testBacklogScheduler() throws java.lang.Exception]]>
              </value>
            </param>
          </params>
          <reporter-output>
          </reporter-output>
        </test-method> <!-- springTestContextAfterTestMethod -->
        <test-method status="PASS" signature="springTestContextAfterTestClass()[pri:0, instance:eip.camel.ws.BacklogServiceSchedulerTest@1e976932]" name="springTestContextAfterTestClass" is-config="true" duration-ms="1" started-at="2015-03-06T09:57:10Z" finished-at="2015-03-06T09:57:10Z">
          <reporter-output>
          </reporter-output>
        </test-method> <!-- springTestContextAfterTestClass -->
      </class> <!-- eip.camel.ws.BacklogServiceSchedulerTest -->
      <class name="eip.camel.ws.WebServiceTest">
        <test-method status="PASS" signature="springTestContextPrepareTestInstance()[pri:0, instance:eip.camel.ws.WebServiceTest@19e10522]" name="springTestContextPrepareTestInstance" is-config="true" duration-ms="461" started-at="2015-03-06T09:57:10Z" depends-on-methods="org.springframework.test.context.testng.AbstractTestNGSpringContextTests.springTestContextBeforeTestClass" finished-at="2015-03-06T09:57:11Z">
          <reporter-output>
          </reporter-output>
        </test-method> <!-- springTestContextPrepareTestInstance -->
        <test-method status="PASS" signature="springTestContextBeforeTestClass()[pri:0, instance:eip.camel.ws.WebServiceTest@19e10522]" name="springTestContextBeforeTestClass" is-config="true" duration-ms="0" started-at="2015-03-06T09:57:10Z" finished-at="2015-03-06T09:57:10Z">
          <reporter-output>
          </reporter-output>
        </test-method> <!-- springTestContextBeforeTestClass -->
        <test-method status="PASS" signature="springTestContextBeforeTestMethod(java.lang.reflect.Method)[pri:0, instance:eip.camel.ws.WebServiceTest@19e10522]" name="springTestContextBeforeTestMethod" is-config="true" duration-ms="0" started-at="2015-03-06T09:57:11Z" finished-at="2015-03-06T09:57:11Z">
          <params>
            <param index="0">
              <value>
                <![CDATA[public void eip.camel.ws.WebServiceTest.testWebserviceCall() throws java.lang.Exception]]>
              </value>
            </param>
          </params>
          <reporter-output>
          </reporter-output>
        </test-method> <!-- springTestContextBeforeTestMethod -->
        <test-method status="PASS" signature="testWebserviceCall()[pri:0, instance:eip.camel.ws.WebServiceTest@19e10522]" name="testWebserviceCall" duration-ms="11" started-at="2015-03-06T09:57:11Z" finished-at="2015-03-06T09:57:11Z">
          <reporter-output>
          </reporter-output>
        </test-method> <!-- testWebserviceCall -->
        <test-method status="PASS" signature="springTestContextAfterTestClass()[pri:0, instance:eip.camel.ws.WebServiceTest@19e10522]" name="springTestContextAfterTestClass" is-config="true" duration-ms="1" started-at="2015-03-06T09:57:11Z" finished-at="2015-03-06T09:57:11Z">
          <reporter-output>
          </reporter-output>
        </test-method> <!-- springTestContextAfterTestClass -->
        <test-method status="PASS" signature="springTestContextAfterTestMethod(java.lang.reflect.Method)[pri:0, instance:eip.camel.ws.WebServiceTest@19e10522]" name="springTestContextAfterTestMethod" is-config="true" duration-ms="0" started-at="2015-03-06T09:57:11Z" finished-at="2015-03-06T09:57:11Z">
          <params>
            <param index="0">
              <value>
                <![CDATA[public void eip.camel.ws.WebServiceTest.testWebserviceCall() throws java.lang.Exception]]>
              </value>
            </param>
          </params>
          <reporter-output>
          </reporter-output>
        </test-method> <!-- springTestContextAfterTestMethod -->
      </class> <!-- eip.camel.ws.WebServiceTest -->
    </test> <!-- Command line test -->
  </suite> <!-- Command line suite -->
</testng-results>
